<?xml version="1.0" encoding="UTF-8"?>
<testng-results ignored="0" total="2" passed="2" failed="0" skipped="0">
  <reporter-output>
  </reporter-output>
  <suite started-at="2021-05-01T08:15:33 IST" name="Default suite" finished-at="2021-05-01T08:15:41 IST" duration-ms="8373">
    <groups>
    </groups>
    <test started-at="2021-05-01T08:15:33 IST" name="Default test" finished-at="2021-05-01T08:15:41 IST" duration-ms="8373">
      <class name="CICD_Pract.CICD_Pract.CICD_Practice">
        <test-method signature="LaunchDriver()[pri:0, instance:CICD_Pract.CICD_Pract.CICD_Practice@69e1dd28]" started-at="2021-05-01T08:15:33 IST" name="LaunchDriver" finished-at="2021-05-01T08:15:40 IST" duration-ms="7260" status="PASS">
          <reporter-output>
          </reporter-output>
        </test-method> <!-- LaunchDriver -->
        <test-method signature="Login()[pri:0, instance:CICD_Pract.CICD_Pract.CICD_Practice@69e1dd28]" started-at="2021-05-01T08:15:40 IST" name="Login" finished-at="2021-05-01T08:15:41 IST" duration-ms="1074" status="PASS">
          <reporter-output>
          </reporter-output>
        </test-method> <!-- Login -->
      </class> <!-- CICD_Pract.CICD_Pract.CICD_Practice -->
    </test> <!-- Default test -->
  </suite> <!-- Default suite -->
</testng-results>
